Start testing: Apr 29 18:34 CEST
----------------------------------------------------------
1/1 Testing: LibraryTest
1/1 Test: LibraryTest
Command: "/home/student/CLionProjects/start/kosowski/workshop/build/library/LibraryTester" "--report_level=detailed" "--log_level=all" "--color_output=yes"
Directory: /home/student/CLionProjects/start/kosowski/workshop/build/library
"LibraryTest" start time: Apr 29 18:34 CEST
Output:
----------------------------------------------------------
Running 18 test cases...
[1;34;49mEntering test module "Master Test Suite"
[0;39;49m[1;34;49m/home/student/CLionProjects/start/kosowski/workshop/library/test/ClientTest.cpp(6): Entering test suite "ClientTest"
[0;39;49m[1;34;49m/home/student/CLionProjects/start/kosowski/workshop/library/test/ClientTest.cpp(13): Entering test case "MyFirstTests"
[0;39;49m/home/student/CLionProjects/start/kosowski/workshop/library/test/ClientTest.cpp(14): [1;32;49minfo: check 1.0/3.0 == 0.333 has passed[0;39;49m
/home/student/CLionProjects/start/kosowski/workshop/library/test/ClientTest.cpp(18): [1;32;49minfo: check true has passed[0;39;49m
/home/student/CLionProjects/start/kosowski/workshop/library/test/ClientTest.cpp(20): [1;32;49minfo: check Tester->getFirstName() == "Jacek" has passed[0;39;49m
[1;34;49m/home/student/CLionProjects/start/kosowski/workshop/library/test/ClientTest.cpp(13): Leaving test case "MyFirstTests"; testing time: 155us
[0;39;49m[1;34;49m/home/student/CLionProjects/start/kosowski/workshop/library/test/ClientTest.cpp(25): Entering test case "SettersTest"
[0;39;49m/home/student/CLionProjects/start/kosowski/workshop/library/test/ClientTest.cpp(27): [1;32;49minfo: check Tester->getFirstName() == "Tomek" has passed[0;39;49m
/home/student/CLionProjects/start/kosowski/workshop/library/test/ClientTest.cpp(32): [1;32;49minfo: check Tester->getLastName() == "Budka" has passed[0;39;49m
/home/student/CLionProjects/start/kosowski/workshop/library/test/ClientTest.cpp(37): [1;32;49minfo: check Tester->getPersonalID() == "12345678900" has passed[0;39;49m
/home/student/CLionProjects/start/kosowski/workshop/library/test/ClientTest.cpp(42): [1;32;49minfo: check Tester->getAddress() == Example2 has passed[0;39;49m
/home/student/CLionProjects/start/kosowski/workshop/library/test/ClientTest.cpp(47): [1;32;49minfo: check Tester->getCurrentRents() == A has passed[0;39;49m
[1;34;49m/home/student/CLionProjects/start/kosowski/workshop/library/test/ClientTest.cpp(25): Leaving test case "SettersTest"; testing time: 146us
[0;39;49m[1;34;49m/home/student/CLionProjects/start/kosowski/workshop/library/test/ClientTest.cpp(52): Entering test case "EmptySettersTest"
[0;39;49m/home/student/CLionProjects/start/kosowski/workshop/library/test/ClientTest.cpp(54): [1;32;49minfo: check Tester->getFirstName() == "Tomek" has passed[0;39;49m
/home/student/CLionProjects/start/kosowski/workshop/library/test/ClientTest.cpp(59): [1;32;49minfo: check Tester->getLastName() == "Budka" has passed[0;39;49m
/home/student/CLionProjects/start/kosowski/workshop/library/test/ClientTest.cpp(64): [1;32;49minfo: check Tester->getPersonalID() == "12345678900" has passed[0;39;49m
/home/student/CLionProjects/start/kosowski/workshop/library/test/ClientTest.cpp(69): [1;32;49minfo: check Tester->getAddress() == Example2 has passed[0;39;49m
/home/student/CLionProjects/start/kosowski/workshop/library/test/ClientTest.cpp(74): [1;32;49minfo: check Tester->getCurrentRents() == A has passed[0;39;49m
[1;34;49m/home/student/CLionProjects/start/kosowski/workshop/library/test/ClientTest.cpp(52): Leaving test case "EmptySettersTest"; testing time: 140us
[0;39;49m[1;34;49m/home/student/CLionProjects/start/kosowski/workshop/library/test/ClientTest.cpp(6): Leaving test suite "ClientTest"; testing time: 548us
[0;39;49m[1;34;49m/home/student/CLionProjects/start/kosowski/workshop/library/test/AddressTest.cpp(6): Entering test suite "AddressTest"
[0;39;49m[1;34;49m/home/student/CLionProjects/start/kosowski/workshop/library/test/AddressTest.cpp(9): Entering test case "ConstructorTest"
[0;39;49m/home/student/CLionProjects/start/kosowski/workshop/library/test/AddressTest.cpp(10): [1;32;49minfo: check Example.getCity() == "Warszawa" has passed[0;39;49m
/home/student/CLionProjects/start/kosowski/workshop/library/test/AddressTest.cpp(13): [1;32;49minfo: check Example.getStreet() == "Kolorowa" has passed[0;39;49m
/home/student/CLionProjects/start/kosowski/workshop/library/test/AddressTest.cpp(16): [1;32;49minfo: check Example.getNumber() == "71/2" has passed[0;39;49m
[1;34;49m/home/student/CLionProjects/start/kosowski/workshop/library/test/AddressTest.cpp(9): Leaving test case "ConstructorTest"; testing time: 133us
[0;39;49m[1;34;49m/home/student/CLionProjects/start/kosowski/workshop/library/test/AddressTest.cpp(21): Entering test case "EmptySettersTest"
[0;39;49m/home/student/CLionProjects/start/kosowski/workshop/library/test/AddressTest.cpp(23): [1;32;49minfo: check Example.getCity() == "Warszawa" has passed[0;39;49m
/home/student/CLionProjects/start/kosowski/workshop/library/test/AddressTest.cpp(28): [1;32;49minfo: check Example.getStreet() == "Kolorowa" has passed[0;39;49m
/home/student/CLionProjects/start/kosowski/workshop/library/test/AddressTest.cpp(33): [1;32;49minfo: check Example.getNumber() == "71/2" has passed[0;39;49m
[1;34;49m/home/student/CLionProjects/start/kosowski/workshop/library/test/AddressTest.cpp(21): Leaving test case "EmptySettersTest"; testing time: 130us
[0;39;49m[1;34;49m/home/student/CLionProjects/start/kosowski/workshop/library/test/AddressTest.cpp(6): Leaving test suite "AddressTest"; testing time: 357us
[0;39;49m[1;34;49m/home/student/CLionProjects/start/kosowski/workshop/library/test/RentTest.cpp(30): Entering test suite "RentTest"
[0;39;49m[1;34;49m/home/student/CLionProjects/start/kosowski/workshop/library/test/RentTest.cpp(32): Entering test case "SetIdTest"
[0;39;49m/home/student/CLionProjects/start/kosowski/workshop/library/test/RentTest.cpp(34): [1;32;49minfo: check A->getId() == 2 has passed[0;39;49m
[1;34;49m/home/student/CLionProjects/start/kosowski/workshop/library/test/RentTest.cpp(32): Leaving test case "SetIdTest"; testing time: 91us
[0;39;49m[1;34;49m/home/student/CLionProjects/start/kosowski/workshop/library/test/RentTest.cpp(39): Entering test case "SetBadIdTest"
[0;39;49m/home/student/CLionProjects/start/kosowski/workshop/library/test/RentTest.cpp(41): [1;32;49minfo: check A->getId() == 1 has passed[0;39;49m
[1;34;49m/home/student/CLionProjects/start/kosowski/workshop/library/test/RentTest.cpp(39): Leaving test case "SetBadIdTest"; testing time: 74us
[0;39;49m[1;34;49m/home/student/CLionProjects/start/kosowski/workshop/library/test/RentTest.cpp(46): Entering test case "OkEndRentTests"
[0;39;49m/home/student/CLionProjects/start/kosowski/workshop/library/test/RentTest.cpp(47): [1;32;49minfo: check A->getVehicle()->isRented() == true has passed[0;39;49m
/home/student/CLionProjects/start/kosowski/workshop/library/test/RentTest.cpp(53): [1;32;49minfo: check A->getVehicle()->isRented() == false has passed[0;39;49m
/home/student/CLionProjects/start/kosowski/workshop/library/test/RentTest.cpp(56): [1;32;49minfo: check A->getBeginTime() == pt::ptime(gr::date(2024,04,28),pt::hours(20)+pt::minutes(0 )) has passed[0;39;49m
/home/student/CLionProjects/start/kosowski/workshop/library/test/RentTest.cpp(59): [1;32;49minfo: check A->getEndTime() == pt::ptime(gr::date(2024,04,30),pt::hours(18)+pt::minutes(20 )) has passed[0;39;49m
/home/student/CLionProjects/start/kosowski/workshop/library/test/RentTest.cpp(62): [1;32;49minfo: check A->getRentDays() == 2 has passed[0;39;49m
/home/student/CLionProjects/start/kosowski/workshop/library/test/RentTest.cpp(65): [1;32;49minfo: check A->getVehicle()->getBasePrice() == 3999 has passed[0;39;49m
/home/student/CLionProjects/start/kosowski/workshop/library/test/RentTest.cpp(68): [1;32;49minfo: check A->getRentCost() == 7998 has passed[0;39;49m
[1;34;49m/home/student/CLionProjects/start/kosowski/workshop/library/test/RentTest.cpp(46): Leaving test case "OkEndRentTests"; testing time: 192us
[0;39;49m[1;34;49m/home/student/CLionProjects/start/kosowski/workshop/library/test/RentTest.cpp(73): Entering test case "ZeroHoursEndRentTests"
[0;39;49m/home/student/CLionProjects/start/kosowski/workshop/library/test/RentTest.cpp(74): [1;32;49minfo: check A->getVehicle()->isRented() == true has passed[0;39;49m
/home/student/CLionProjects/start/kosowski/workshop/library/test/RentTest.cpp(80): [1;32;49minfo: check A->getVehicle()->isRented() == false has passed[0;39;49m
/home/student/CLionProjects/start/kosowski/workshop/library/test/RentTest.cpp(83): [1;32;49minfo: check A->getBeginTime() == pt::ptime(gr::date(2024,04,28),pt::hours(20)+pt::minutes(0 )) has passed[0;39;49m
/home/student/CLionProjects/start/kosowski/workshop/library/test/RentTest.cpp(86): [1;32;49minfo: check A->getEndTime() == pt::ptime(gr::date(2024,04,28),pt::hours(20)+pt::minutes(0 )) has passed[0;39;49m
/home/student/CLionProjects/start/kosowski/workshop/library/test/RentTest.cpp(89): [1;32;49minfo: check A->getRentDays() == 0 has passed[0;39;49m
/home/student/CLionProjects/start/kosowski/workshop/library/test/RentTest.cpp(92): [1;32;49minfo: check A->getVehicle()->getBasePrice() == 3999 has passed[0;39;49m
/home/student/CLionProjects/start/kosowski/workshop/library/test/RentTest.cpp(95): [1;32;49minfo: check A->getRentCost() == 0 has passed[0;39;49m
[1;34;49m/home/student/CLionProjects/start/kosowski/workshop/library/test/RentTest.cpp(73): Leaving test case "ZeroHoursEndRentTests"; testing time: 179us
[0;39;49m[1;34;49m/home/student/CLionProjects/start/kosowski/workshop/library/test/RentTest.cpp(100): Entering test case "TwentyFourHoursEndRentTests"
[0;39;49m/home/student/CLionProjects/start/kosowski/workshop/library/test/RentTest.cpp(101): [1;32;49minfo: check A->getVehicle()->isRented() == true has passed[0;39;49m
/home/student/CLionProjects/start/kosowski/workshop/library/test/RentTest.cpp(107): [1;32;49minfo: check A->getVehicle()->isRented() == false has passed[0;39;49m
/home/student/CLionProjects/start/kosowski/workshop/library/test/RentTest.cpp(110): [1;32;49minfo: check A->getBeginTime() == pt::ptime(gr::date(2024,04,28),pt::hours(20)+pt::minutes(0 )) has passed[0;39;49m
/home/student/CLionProjects/start/kosowski/workshop/library/test/RentTest.cpp(113): [1;32;49minfo: check A->getEndTime() == pt::ptime(gr::date(2024,04,29),pt::hours(20)+pt::minutes(0 )) has passed[0;39;49m
/home/student/CLionProjects/start/kosowski/workshop/library/test/RentTest.cpp(116): [1;32;49minfo: check A->getRentDays() == 1 has passed[0;39;49m
/home/student/CLionProjects/start/kosowski/workshop/library/test/RentTest.cpp(119): [1;32;49minfo: check A->getVehicle()->getBasePrice() == 3999 has passed[0;39;49m
/home/student/CLionProjects/start/kosowski/workshop/library/test/RentTest.cpp(122): [1;32;49minfo: check A->getRentCost() == 3999 has passed[0;39;49m
[1;34;49m/home/student/CLionProjects/start/kosowski/workshop/library/test/RentTest.cpp(100): Leaving test case "TwentyFourHoursEndRentTests"; testing time: 242us
[0;39;49m[1;34;49m/home/student/CLionProjects/start/kosowski/workshop/library/test/RentTest.cpp(127): Entering test case "EndEndedRentTests"
[0;39;49m/home/student/CLionProjects/start/kosowski/workshop/library/test/RentTest.cpp(128): [1;32;49minfo: check A->getVehicle()->isRented() == true has passed[0;39;49m
/home/student/CLionProjects/start/kosowski/workshop/library/test/RentTest.cpp(135): [1;32;49minfo: check A->getVehicle()->isRented() == false has passed[0;39;49m
/home/student/CLionProjects/start/kosowski/workshop/library/test/RentTest.cpp(138): [1;32;49minfo: check A->getBeginTime() == pt::ptime(gr::date(2024,04,28),pt::hours(20)+pt::minutes(0 )) has passed[0;39;49m
/home/student/CLionProjects/start/kosowski/workshop/library/test/RentTest.cpp(141): [1;32;49minfo: check A->getEndTime() == pt::ptime(gr::date(2024,04,29),pt::hours(20)+pt::minutes(0 )) has passed[0;39;49m
/home/student/CLionProjects/start/kosowski/workshop/library/test/RentTest.cpp(144): [1;32;49minfo: check A->getRentDays() == 1 has passed[0;39;49m
/home/student/CLionProjects/start/kosowski/workshop/library/test/RentTest.cpp(147): [1;32;49minfo: check A->getVehicle()->getBasePrice() == 3999 has passed[0;39;49m
/home/student/CLionProjects/start/kosowski/workshop/library/test/RentTest.cpp(150): [1;32;49minfo: check A->getRentCost() == 3999 has passed[0;39;49m
[1;34;49m/home/student/CLionProjects/start/kosowski/workshop/library/test/RentTest.cpp(127): Leaving test case "EndEndedRentTests"; testing time: 188us
[0;39;49m[1;34;49m/home/student/CLionProjects/start/kosowski/workshop/library/test/RentTest.cpp(155): Entering test case "AutoSetEndRentTests"
[0;39;49m/home/student/CLionProjects/start/kosowski/workshop/library/test/RentTest.cpp(159): [1;32;49minfo: check A->getEndTime() == pt::second_clock::local_time() has passed[0;39;49m
[1;34;49m/home/student/CLionProjects/start/kosowski/workshop/library/test/RentTest.cpp(155): Leaving test case "AutoSetEndRentTests"; testing time: 79us
[0;39;49m[1;34;49m/home/student/CLionProjects/start/kosowski/workshop/library/test/RentTest.cpp(164): Entering test case "MoreThanOneRentTests"
[0;39;49m/home/student/CLionProjects/start/kosowski/workshop/library/test/RentTest.cpp(165): [1;32;49minfo: check Tester->getAllRents().size() == 2 has passed[0;39;49m
[1;34;49m/home/student/CLionProjects/start/kosowski/workshop/library/test/RentTest.cpp(164): Leaving test case "MoreThanOneRentTests"; testing time: 75us
[0;39;49m[1;34;49m/home/student/CLionProjects/start/kosowski/workshop/library/test/RentTest.cpp(170): Entering test case "GetInfoTest"
[0;39;49m/home/student/CLionProjects/start/kosowski/workshop/library/test/RentTest.cpp(171): [1;32;49minfo: check A->getInfo() == "\nRent ID: 1 \n" "First Name: Jacek,\n" "Last Name: Rambo,\n" "Personal ID: 3,\n" "Address: \n" "City: Lodz,\n" "Street: Anielska,\n" "Number: 13\n" "Plate Number: JD 4290\n" "Price: 3999\n" "Is rented: 1\n" "Poczatek wypozyczenia: 2024-Apr-28 20:00:00\n" "Koniec wypozyczenia: not-a-date-time" has passed[0;39;49m
[1;34;49m/home/student/CLionProjects/start/kosowski/workshop/library/test/RentTest.cpp(170): Leaving test case "GetInfoTest"; testing time: 136us
[0;39;49m[1;34;49m/home/student/CLionProjects/start/kosowski/workshop/library/test/RentTest.cpp(30): Leaving test suite "RentTest"; testing time: 1581us
[0;39;49m[1;34;49m/home/student/CLionProjects/start/kosowski/workshop/library/test/VehicleTest.cpp(6): Entering test suite "VehicleTest"
[0;39;49m[1;34;49m/home/student/CLionProjects/start/kosowski/workshop/library/test/VehicleTest.cpp(9): Entering test case "ConstructorTest"
[0;39;49m/home/student/CLionProjects/start/kosowski/workshop/library/test/VehicleTest.cpp(10): [1;32;49minfo: check car->isRented() == false has passed[0;39;49m
/home/student/CLionProjects/start/kosowski/workshop/library/test/VehicleTest.cpp(13): [1;32;49minfo: check car->getPlateNumber() == "GD 8790" has passed[0;39;49m
/home/student/CLionProjects/start/kosowski/workshop/library/test/VehicleTest.cpp(16): [1;32;49minfo: check car->getBasePrice() == 1999 has passed[0;39;49m
[1;34;49m/home/student/CLionProjects/start/kosowski/workshop/library/test/VehicleTest.cpp(9): Leaving test case "ConstructorTest"; testing time: 170us
[0;39;49m[1;34;49m/home/student/CLionProjects/start/kosowski/workshop/library/test/VehicleTest.cpp(21): Entering test case "GetInfoTest"
[0;39;49m/home/student/CLionProjects/start/kosowski/workshop/library/test/VehicleTest.cpp(22): [1;32;49minfo: check car->getInfo() == "\nPlate Number: GD 8790\nPrice: 1999\nIs rented: 0" has passed[0;39;49m
[1;34;49m/home/student/CLionProjects/start/kosowski/workshop/library/test/VehicleTest.cpp(21): Leaving test case "GetInfoTest"; testing time: 77us
[0;39;49m[1;34;49m/home/student/CLionProjects/start/kosowski/workshop/library/test/VehicleTest.cpp(27): Entering test case "SettersTest"
[0;39;49m/home/student/CLionProjects/start/kosowski/workshop/library/test/VehicleTest.cpp(29): [1;32;49minfo: check car->isRented() == true has passed[0;39;49m
/home/student/CLionProjects/start/kosowski/workshop/library/test/VehicleTest.cpp(33): [1;32;49minfo: check car->getPlateNumber() == "AB 1111" has passed[0;39;49m
/home/student/CLionProjects/start/kosowski/workshop/library/test/VehicleTest.cpp(37): [1;32;49minfo: check car->getBasePrice() == 2999 has passed[0;39;49m
[1;34;49m/home/student/CLionProjects/start/kosowski/workshop/library/test/VehicleTest.cpp(27): Leaving test case "SettersTest"; testing time: 108us
[0;39;49m[1;34;49m/home/student/CLionProjects/start/kosowski/workshop/library/test/VehicleTest.cpp(42): Entering test case "IsRented"
[0;39;49m/home/student/CLionProjects/start/kosowski/workshop/library/test/VehicleTest.cpp(47): [1;32;49minfo: check car->isRented() == true has passed[0;39;49m
/home/student/CLionProjects/start/kosowski/workshop/library/test/VehicleTest.cpp(50): [1;32;49minfo: check A->getClient()->getFirstName() == "Jacek" has passed[0;39;49m
[1;34;49m/home/student/CLionProjects/start/kosowski/workshop/library/test/VehicleTest.cpp(42): Leaving test case "IsRented"; testing time: 88us
[0;39;49m[1;34;49m/home/student/CLionProjects/start/kosowski/workshop/library/test/VehicleTest.cpp(6): Leaving test suite "VehicleTest"; testing time: 583us
[0;39;49m[1;34;49mLeaving test module "Master Test Suite"; testing time: 3341us
[0;39;49m
Test module "Master Test Suite" has passed with:
  18 test cases out of 18 passed
  61 assertions out of 61 passed

  Test suite "ClientTest" has passed with:
    3 test cases out of 3 passed
    13 assertions out of 13 passed

    Test case "ClientTest/MyFirstTests" has passed with:
      3 assertions out of 3 passed

    Test case "ClientTest/SettersTest" has passed with:
      5 assertions out of 5 passed

    Test case "ClientTest/EmptySettersTest" has passed with:
      5 assertions out of 5 passed

  Test suite "AddressTest" has passed with:
    2 test cases out of 2 passed
    6 assertions out of 6 passed

    Test case "AddressTest/ConstructorTest" has passed with:
      3 assertions out of 3 passed

    Test case "AddressTest/EmptySettersTest" has passed with:
      3 assertions out of 3 passed

  Test suite "RentTest" has passed with:
    9 test cases out of 9 passed
    33 assertions out of 33 passed

    Test case "RentTest/SetIdTest" has passed with:
      1 assertion out of 1 passed

    Test case "RentTest/SetBadIdTest" has passed with:
      1 assertion out of 1 passed

    Test case "RentTest/OkEndRentTests" has passed with:
      7 assertions out of 7 passed

    Test case "RentTest/ZeroHoursEndRentTests" has passed with:
      7 assertions out of 7 passed

    Test case "RentTest/TwentyFourHoursEndRentTests" has passed with:
      7 assertions out of 7 passed

    Test case "RentTest/EndEndedRentTests" has passed with:
      7 assertions out of 7 passed

    Test case "RentTest/AutoSetEndRentTests" has passed with:
      1 assertion out of 1 passed

    Test case "RentTest/MoreThanOneRentTests" has passed with:
      1 assertion out of 1 passed

    Test case "RentTest/GetInfoTest" has passed with:
      1 assertion out of 1 passed

  Test suite "VehicleTest" has passed with:
    4 test cases out of 4 passed
    9 assertions out of 9 passed

    Test case "VehicleTest/ConstructorTest" has passed with:
      3 assertions out of 3 passed

    Test case "VehicleTest/GetInfoTest" has passed with:
      1 assertion out of 1 passed

    Test case "VehicleTest/SettersTest" has passed with:
      3 assertions out of 3 passed

    Test case "VehicleTest/IsRented" has passed with:
      2 assertions out of 2 passed

<end of output>
Test time =   0.01 sec
----------------------------------------------------------
Test Passed.
"LibraryTest" end time: Apr 29 18:34 CEST
"LibraryTest" time elapsed: 00:00:00
----------------------------------------------------------

End testing: Apr 29 18:34 CEST
